c:\users\aaron\desktop\ads_2020_ca3_sd3a_aaron_reihill\ads_2020_ca3_sd3a_aaron_reihill\debug\vc142.pdb
c:\users\aaron\desktop\ads_2020_ca3_sd3a_aaron_reihill\ads_2020_ca3_sd3a_aaron_reihill\debug\vc142.idb
c:\users\aaron\desktop\ads_2020_ca3_sd3a_aaron_reihill\ads_2020_ca3_sd3a_aaron_reihill\debug\time.obj
c:\users\aaron\desktop\ads_2020_ca3_sd3a_aaron_reihill\ads_2020_ca3_sd3a_aaron_reihill\debug\readfile.obj
c:\users\aaron\desktop\ads_2020_ca3_sd3a_aaron_reihill\ads_2020_ca3_sd3a_aaron_reihill\debug\product.obj
c:\users\aaron\desktop\ads_2020_ca3_sd3a_aaron_reihill\ads_2020_ca3_sd3a_aaron_reihill\debug\menu.obj
c:\users\aaron\desktop\ads_2020_ca3_sd3a_aaron_reihill\ads_2020_ca3_sd3a_aaron_reihill\debug\main.obj
c:\users\aaron\desktop\ads_2020_ca3_sd3a_aaron_reihill\ads_2020_ca3_sd3a_aaron_reihill\debug\htmlgenerate.obj
c:\users\aaron\desktop\ads_2020_ca3_sd3a_aaron_reihill\ads_2020_ca3_sd3a_aaron_reihill\debug\generatecsv.obj
c:\users\aaron\desktop\ads_2020_ca3_sd3a_aaron_reihill\ads_2020_ca3_sd3a_aaron_reihill\debug\comparitor.obj
c:\users\aaron\desktop\ads_2020_ca3_sd3a_aaron_reihill\ads_2020_ca3_sd3a_aaron_reihill\debug\calculations.obj
c:\users\aaron\desktop\ads_2020_ca3_sd3a_aaron_reihill\ads_2020_ca3_sd3a_aaron_reihill\debug\ads_ca3_support.obj
c:\users\aaron\desktop\ads_2020_ca3_sd3a_aaron_reihill\ads_2020_ca3_sd3a_aaron_reihill\debug\reports.obj
c:\users\aaron\desktop\ads_2020_ca3_sd3a_aaron_reihill\debug\ads_2020_ca3_sd3a_aaron_reihill.pdb
c:\users\aaron\desktop\ads_2020_ca3_sd3a_aaron_reihill\ads_2020_ca3_sd3a_aaron_reihill\debug\ads_2020.505dc86f.tlog\cl.command.1.tlog
c:\users\aaron\desktop\ads_2020_ca3_sd3a_aaron_reihill\ads_2020_ca3_sd3a_aaron_reihill\debug\ads_2020.505dc86f.tlog\cl.read.1.tlog
c:\users\aaron\desktop\ads_2020_ca3_sd3a_aaron_reihill\ads_2020_ca3_sd3a_aaron_reihill\debug\ads_2020.505dc86f.tlog\cl.write.1.tlog
c:\users\aaron\desktop\ads_2020_ca3_sd3a_aaron_reihill\ads_2020_ca3_sd3a_aaron_reihill\debug\ads_2020.505dc86f.tlog\link-cvtres.read.1.tlog
c:\users\aaron\desktop\ads_2020_ca3_sd3a_aaron_reihill\ads_2020_ca3_sd3a_aaron_reihill\debug\ads_2020.505dc86f.tlog\link-cvtres.write.1.tlog
c:\users\aaron\desktop\ads_2020_ca3_sd3a_aaron_reihill\ads_2020_ca3_sd3a_aaron_reihill\debug\ads_2020.505dc86f.tlog\link-rc.read.1.tlog
c:\users\aaron\desktop\ads_2020_ca3_sd3a_aaron_reihill\ads_2020_ca3_sd3a_aaron_reihill\debug\ads_2020.505dc86f.tlog\link-rc.write.1.tlog
c:\users\aaron\desktop\ads_2020_ca3_sd3a_aaron_reihill\ads_2020_ca3_sd3a_aaron_reihill\debug\ads_2020.505dc86f.tlog\link.command.1.tlog
c:\users\aaron\desktop\ads_2020_ca3_sd3a_aaron_reihill\ads_2020_ca3_sd3a_aaron_reihill\debug\ads_2020.505dc86f.tlog\link.read.1.tlog
c:\users\aaron\desktop\ads_2020_ca3_sd3a_aaron_reihill\ads_2020_ca3_sd3a_aaron_reihill\debug\ads_2020.505dc86f.tlog\link.write.1.tlog
